<?xml version="1.0" encoding="UTF-8"?>
<!-- Generated by org.testng.reporters.JUnitXMLReporter -->
<testsuite ignored="4" hostname="ALEXIS-PC" failures="0" tests="1" name="Default test" time="1.397" errors="0" timestamp="2023-05-25T11:04:07 CST">
  <testcase classname="test.FakeAPI_Example" name="test05_DELETE" time="1.349"/>
  <testcase classname="test.FakeAPI_Example" name="test04_PUT" time="0.0">
    <ignored/>
  </testcase> <!-- test04_PUT -->
  <testcase classname="test.FakeAPI_Example" name="test02_POST" time="0.0">
    <ignored/>
  </testcase> <!-- test02_POST -->
  <testcase classname="test.FakeAPI_Example" name="test03_PATCH" time="0.0">
    <ignored/>
  </testcase> <!-- test03_PATCH -->
  <testcase classname="test.FakeAPI_Example" name="test01_GET" time="0.0">
    <ignored/>
  </testcase> <!-- test01_GET -->
</testsuite> <!-- Default test -->
