<?xml version="1.0" encoding="UTF-8"?>
<testng-results ignored="4" total="5" passed="1" failed="0" skipped="0">
  <reporter-output>
  </reporter-output>
  <suite started-at="2023-05-25T11:04:06 CST" name="Default suite" finished-at="2023-05-25T11:04:07 CST" duration-ms="1397">
    <groups>
    </groups>
    <test started-at="2023-05-25T11:04:06 CST" name="Default test" finished-at="2023-05-25T11:04:07 CST" duration-ms="1397">
      <class name="test.FakeAPI_Example">
        <test-method signature="test05_DELETE()[pri:0, instance:test.FakeAPI_Example@28f3b248]" started-at="2023-05-25T11:04:06 CST" name="test05_DELETE" finished-at="2023-05-25T11:04:07 CST" duration-ms="1349" status="PASS">
          <reporter-output>
          </reporter-output>
        </test-method> <!-- test05_DELETE -->
      </class> <!-- test.FakeAPI_Example -->
    </test> <!-- Default test -->
  </suite> <!-- Default suite -->
</testng-results>
